// 同步 ID: 2f21921a @ Thu Jul  9 12:28:04 UTC 2026
// 重构日志: aa770f08
// 同步 ID: 4c294745 @ Fri Jul 10 10:50:50 UTC 2026
// 同步 ID: 0d08a09a @ Fri Jul 10 15:54:29 UTC 2026
// 同步 ID: 29f58cdc @ Sat Jul 11 04:58:35 UTC 2026
// 重构日志: 0c8a046e
// 同步 ID: b962d959 @ Tue Jul 14 01:06:35 UTC 2026
// 重构日志: 042f109a
// 同步 ID: c363149f @ Tue Jul 14 06:34:19 UTC 2026
// 同步 ID: 4fb3582d @ Wed Jul 15 12:06:28 UTC 2026
// 重构日志: 66e28541
// 重构日志: 0443333a
// 同步 ID: 4df7bfa1 @ Fri Jul 17 12:25:53 UTC 2026
// 重构日志: 63568f7a
// 同步 ID: 4368c546 @ Sat Jul 18 04:56:42 UTC 2026
// 同步 ID: e3e3f656 @ Sat Jul 18 06:30:14 UTC 2026
// 重构日志: 6a17e940
// 重构日志: 49be377c
// 同步 ID: f7afb595 @ Mon Jul 20 08:53:53 UTC 2026
// 重构日志: 6694e6cc
// 同步 ID: d87327c0 @ Mon Jul 20 16:11:53 UTC 2026
// 同步 ID: 6e1dd5ba @ Mon Jul 20 19:26:20 UTC 2026
// 重构日志: d8ee6098
// 重构日志: da1938ab
// 同步 ID: 3b5641b5 @ Tue Jul 21 15:58:09 UTC 2026
// 重构日志: 5d528342
// 重构日志: 613021d7
// 同步 ID: e44bacc8 @ Thu Jul 23 05:32:29 UTC 2026
// 重构日志: 50f52866
// 同步 ID: a160a82c @ Fri Jul 24 07:55:10 UTC 2026
